d:\work\cclottery\win32\debug\vc140.pdb
d:\work\cclottery\win32\debug\mainwindow.obj
d:\work\cclottery\win32\debug\main.obj
d:\work\cclottery\win32\debug\lotteryview.obj
d:\work\cclottery\win32\debug\lotteryingwin.obj
d:\work\cclottery\win32\debug\lotterydata.obj
d:\work\cclottery\win32\debug\lotterysettingswin.obj
d:\work\cclottery\win32\debug\dbutil.obj
d:\work\cclottery\win32\debug\moc_mainwindow.obj
d:\work\cclottery\win32\debug\moc_lotteryview.obj
d:\work\cclottery\win32\debug\moc_lotterysettingswin.obj
d:\work\cclottery\win32\debug\moc_lotteryingwin.obj
d:\work\cclottery\win32\debug\moc_cclottery.obj
d:\work\cclottery\win32\debug\moc_application.obj
d:\work\cclottery\win32\debug\cclottery.obj
d:\work\cclottery\win32\debug\application.obj
d:\work\cclottery\win32\debug\qrc_lottery.obj
d:\work\cclottery\compiled\moc\moc_application.cpp
d:\work\cclottery\compiled\moc\moc_lotterysettingswin.cpp
d:\work\cclottery\compiled\moc\moc_lotteryview.cpp
d:\work\cclottery\compiled\moc\moc_mainwindow.cpp
d:\work\cclottery\compiled\moc\moc_lotteryingwin.cpp
d:\work\cclottery\generatedfiles\ui_lotterysettingswiningswin.h
d:\work\cclottery\generatedfiles\ui_lotteryview.h
d:\work\cclottery\generatedfiles\ui_mainwindow.h
d:\work\cclottery\generatedfiles\qrc_lottery.cpp
d:\work\cclottery\generatedfiles\ui_cclottery.h
d:\work\cclottery\compiled\moc\moc_cclottery.cpp
d:\work\cclottery\bin\cclottery.ilk
d:\work\cclottery\bin\cclottery.exe
d:\work\cclottery\bin\cclottery.pdb
d:\work\cclottery\win32\debug\cclottery.tlog\cl.command.1.tlog
d:\work\cclottery\win32\debug\cclottery.tlog\cl.read.1.tlog
d:\work\cclottery\win32\debug\cclottery.tlog\cl.write.1.tlog
d:\work\cclottery\win32\debug\cclottery.tlog\custombuild.command.1.tlog
d:\work\cclottery\win32\debug\cclottery.tlog\custombuild.read.1.tlog
d:\work\cclottery\win32\debug\cclottery.tlog\custombuild.write.1.tlog
d:\work\cclottery\win32\debug\cclottery.tlog\link.command.1.tlog
d:\work\cclottery\win32\debug\cclottery.tlog\link.read.1.tlog
d:\work\cclottery\win32\debug\cclottery.tlog\link.write.1.tlog
